<?xml version="1.0" encoding="UTF-8"?>
<testsuite xmlns:xsi="http://www.w3.org/2001/XMLSchema-instance" xsi:noNamespaceSchemaLocation="https://maven.apache.org/surefire/maven-failsafe-plugin/xsd/failsafe-test-report.xsd" version="3.0.2" name="folder.GpxToMapWalkerIT" time="1.842" tests="1" errors="0" skipped="0" failures="0">
  <properties>
[...]
</properties>
  <testcase name="it_should_create_map_and_update_file" classname="folder.GpxToMapWalkerIT" time="1.839">
    <system-out><![CDATA[Trying to fit: 8.849699,42.46442,8.909658,42.510638
Trying with 19...
 - 8.878337395492553,42.48891353307955,8.881556046310424,42.486144436275694
Trying with 18...
 - 8.876996290985106,42.490298035514186,8.883433592620849,42.48475984190674
Trying with 17...
 - 8.874314081970214,42.493066948448266,8.887188685241698,42.48199056123545
Trying with 16...
 - 8.868949663940429,42.498604406571935,8.894698870483397,42.47645163216297
Trying with 15...
 - 8.858220827880858,42.509677851812256,8.909719240966796,42.46537230312765
Trying with 14...
 - 8.836763155761718,42.53181885803344,8.939759981933593,42.44320776173108
]]></system-out>
  </testcase>
</testsuite>